<?xml version="1.0" encoding="UTF-8"?>
<!-- Generated by org.testng.reporters.JUnitReportReporter -->
<testsuite hostname="ITA002" failures="0" tests="1" name="testNG.HardAssertion" time="0.008" errors="0" timestamp="2024-08-09T23:03:27 IST" skipped="0">
  <testcase classname="testNG.HardAssertion" name="ass" time="0.008"/>
  <system-out/>
</testsuite> <!-- testNG.HardAssertion -->
