<?xml version="1.0" encoding="UTF-8"?>
<!-- Generated by org.testng.reporters.JUnitReportReporter -->
<testsuite hostname="ITA002" failures="0" tests="2" name="testNG_Grouping.login" time="0.011" errors="0" timestamp="2024-08-11T15:38:04 IST" skipped="0">
  <testcase classname="testNG_Grouping.login" name="loginByEmail" time="0.009"/>
  <system-out/>
  <testcase classname="testNG_Grouping.login" name="loginByFaceook" time="0.002"/>
  <system-out/>
</testsuite> <!-- testNG_Grouping.login -->
