<?xml version="1.0" encoding="UTF-8"?>
<!-- Generated by org.testng.reporters.JUnitReportReporter -->
<testsuite hostname="ITA002" failures="0" tests="3" name="testNG_Grouping.SignUpTest" time="0.004" errors="0" timestamp="2024-08-11T21:52:48 IST" skipped="0">
  <testcase classname="testNG_Grouping.SignUpTest" name="signUpByEmail" time="0.002"/>
  <system-out/>
  <testcase classname="testNG_Grouping.SignUpTest" name="signUpByFacebook" time="0.001"/>
  <system-out/>
  <testcase classname="testNG_Grouping.SignUpTest" name="signUpByTwitter" time="0.001"/>
  <system-out/>
</testsuite> <!-- testNG_Grouping.SignUpTest -->
