<?xml version="1.0" encoding="UTF-8"?>
<!-- Generated by org.testng.reporters.JUnitReportReporter -->
<testsuite hostname="ITA002" failures="0" tests="2" name="testNG.AllAnnotations" time="0.009" errors="0" timestamp="2024-08-09T22:11:50 IST" skipped="0">
  <testcase classname="testNG.AllAnnotations" name="test1" time="0.007"/>
  <system-out/>
  <testcase classname="testNG.AllAnnotations" name="test2" time="0.002"/>
  <system-out/>
</testsuite> <!-- testNG.AllAnnotations -->
