<?xml version="1.0" encoding="UTF-8"?>
<!-- Generated by org.testng.reporters.JUnitReportReporter -->
<testsuite hostname="ITA002" failures="0" tests="3" name="testNG.FirstTestCase" time="0.008" errors="0" timestamp="2024-08-09T22:07:50 IST" skipped="0">
  <testcase classname="testNG.FirstTestCase" name="apple" time="0.005"/>
  <system-out/>
  <testcase classname="testNG.FirstTestCase" name="Login" time="0.001"/>
  <system-out/>
  <testcase classname="testNG.FirstTestCase" name="Logout" time="0.002"/>
  <system-out/>
</testsuite> <!-- testNG.FirstTestCase -->
