<?xml version="1.0" encoding="UTF-8"?>
<!-- Generated by org.testng.reporters.JUnitReportReporter -->
<testsuite hostname="ITA002" failures="0" tests="1" name="testNG.C1" time="0.007" errors="0" timestamp="2024-08-09T21:59:39 IST" skipped="0">
  <testcase classname="testNG.C1" name="abc" time="0.007"/>
  <system-out/>
</testsuite> <!-- testNG.C1 -->
