<?xml version="1.0" encoding="UTF-8"?>
<!-- Generated by org.testng.reporters.JUnitReportReporter -->
<testsuite hostname="ITA002" failures="0" tests="2" name="testNG_Grouping.PaymentTest" time="0.002" errors="0" timestamp="2024-08-11T22:35:14 IST" skipped="0">
  <testcase classname="testNG_Grouping.PaymentTest" name="paymentInRupees" time="0.001"/>
  <system-out/>
  <testcase classname="testNG_Grouping.PaymentTest" name="paymentInDollers" time="0.001"/>
  <system-out/>
</testsuite> <!-- testNG_Grouping.PaymentTest -->
