<?xml version="1.0" encoding="UTF-8"?>
<!-- Generated by org.testng.reporters.JUnitReportReporter -->
<testsuite hostname="ITA002" failures="0" tests="3" name="testNG_Grouping.loginTest" time="0.013" errors="0" timestamp="2024-08-11T22:36:46 IST" skipped="0">
  <testcase classname="testNG_Grouping.loginTest" name="loginByEmail" time="0.010"/>
  <system-out/>
  <testcase classname="testNG_Grouping.loginTest" name="loginByFaceook" time="0.002"/>
  <system-out/>
  <testcase classname="testNG_Grouping.loginTest" name="loginByTwitter" time="0.001"/>
  <system-out/>
</testsuite> <!-- testNG_Grouping.loginTest -->
