<?xml version="1.0" encoding="UTF-8"?>
<!-- Generated by org.testng.reporters.JUnitReportReporter -->
<testsuite hostname="ITA002" failures="0" tests="1" name="testNG.C2" time="0.001" errors="0" timestamp="2024-08-09T21:59:39 IST" skipped="0">
  <testcase classname="testNG.C2" name="pqr" time="0.001"/>
  <system-out/>
</testsuite> <!-- testNG.C2 -->
