<?xml version="1.0" encoding="UTF-8"?>
<!-- Generated by org.testng.reporters.JUnitReportReporter -->
<testsuite hostname="ITA002" failures="0" tests="2" name="testNG.Annotations1" time="0.010" errors="0" timestamp="2024-08-09T21:50:23 IST" skipped="0">
  <testcase classname="testNG.Annotations1" name="Search" time="0.007"/>
  <system-out/>
  <testcase classname="testNG.Annotations1" name="AdvSerach" time="0.003"/>
  <system-out/>
</testsuite> <!-- testNG.Annotations1 -->
