<?xml version="1.0" encoding="UTF-8"?>
<!-- Generated by org.testng.reporters.JUnitReportReporter -->
<testsuite hostname="ITA002" failures="0" tests="2" name="testNG.Annotations" time="0.012" errors="0" timestamp="2024-08-08T17:41:58 IST" skipped="0">
  <testcase classname="testNG.Annotations" name="Search" time="0.006"/>
  <system-out/>
  <testcase classname="testNG.Annotations" name="AdvSerach" time="0.006"/>
  <system-out/>
</testsuite> <!-- testNG.Annotations -->
